This file contains any messages produced by compilers while
running configure, to aid debugging if configure makes a mistake.

It was created by Spex configure 1-05.09, which was
generated by GNU Autoconf 2.69.  Invocation command line was

  $ ./configure --prefix=/home/edmondium --enable-mpi=yes --with-wan=yes --with-hdf5=/usr/lib/x86_64-linux-gnu/hdf5/mpich

## --------- ##
## Platform. ##
## --------- ##

hostname = DESKTOP-P08VCCB
uname -m = x86_64
uname -r = 5.10.16.3-microsoft-standard-WSL2
uname -s = Linux
uname -v = #1 SMP Fri Apr 2 22:23:49 UTC 2021

/usr/bin/uname -p = x86_64
/bin/uname -X     = unknown

/bin/arch              = x86_64
/usr/bin/arch -k       = unknown
/usr/convex/getsysinfo = unknown
/usr/bin/hostinfo      = unknown
/bin/machine           = unknown
/usr/bin/oslevel       = unknown
/bin/universe          = unknown

PATH: /usr/local/sbin
PATH: /usr/local/bin
PATH: /usr/sbin
PATH: /usr/bin
PATH: /sbin
PATH: /bin
PATH: /usr/games
PATH: /usr/local/games
PATH: /mnt/c/WINDOWS/system32
PATH: /mnt/c/WINDOWS
PATH: /mnt/c/WINDOWS/System32/Wbem
PATH: /mnt/c/WINDOWS/System32/WindowsPowerShell/v1.0/
PATH: /mnt/c/WINDOWS/System32/OpenSSH/
PATH: /mnt/c/Users/Nicko/AppData/Local/Microsoft/WindowsApps
PATH: /snap/bin


## ----------- ##
## Core tests. ##
## ----------- ##

configure:2331: checking whether to compile using MPI
configure:2338: result: yes
configure:2554: checking for Fortran compiler version
configure:2563: mpifort --version >&5
GNU Fortran (Ubuntu 10.3.0-1ubuntu1) 10.3.0
Copyright (C) 2020 Free Software Foundation, Inc.
This is free software; see the source for copying conditions.  There is NO
warranty; not even for MERCHANTABILITY or FITNESS FOR A PARTICULAR PURPOSE.

configure:2574: $? = 0
configure:2563: mpifort -v >&5
mpifort for MPICH version 3.4.1
Using built-in specs.
COLLECT_GCC=gfortran
COLLECT_LTO_WRAPPER=/usr/lib/gcc/x86_64-linux-gnu/10/lto-wrapper
OFFLOAD_TARGET_NAMES=nvptx-none:amdgcn-amdhsa:hsa
OFFLOAD_TARGET_DEFAULT=1
Target: x86_64-linux-gnu
Configured with: ../src/configure -v --with-pkgversion='Ubuntu 10.3.0-1ubuntu1' --with-bugurl=file:///usr/share/doc/gcc-10/README.Bugs --enable-languages=c,ada,c++,go,brig,d,fortran,objc,obj-c++,m2 --prefix=/usr --with-gcc-major-version-only --program-suffix=-10 --program-prefix=x86_64-linux-gnu- --enable-shared --enable-linker-build-id --libexecdir=/usr/lib --without-included-gettext --enable-threads=posix --libdir=/usr/lib --enable-nls --enable-bootstrap --enable-clocale=gnu --enable-libstdcxx-debug --enable-libstdcxx-time=yes --with-default-libstdcxx-abi=new --enable-gnu-unique-object --disable-vtable-verify --enable-plugin --enable-default-pie --with-system-zlib --enable-libphobos-checking=release --with-target-system-zlib=auto --enable-objc-gc=auto --enable-multiarch --disable-werror --with-arch-32=i686 --with-abi=m64 --with-multilib-list=m32,m64,mx32 --enable-multilib --with-tune=generic --enable-offload-targets=nvptx-none=/build/gcc-10-gDeRY6/gcc-10-10.3.0/debian/tmp-nvptx/usr,amdgcn-amdhsa=/build/gcc-10-gDeRY6/gcc-10-10.3.0/debian/tmp-gcn/usr,hsa --without-cuda-driver --enable-checking=release --build=x86_64-linux-gnu --host=x86_64-linux-gnu --target=x86_64-linux-gnu --with-build-config=bootstrap-lto-lean --enable-link-mutex
Thread model: posix
Supported LTO compression algorithms: zlib zstd
gcc version 10.3.0 (Ubuntu 10.3.0-1ubuntu1) 
... rest of stderr output deleted ...
configure:2574: $? = 0
configure:2563: mpifort -V >&5
gfortran: error: unrecognized command-line option '-V'
configure:2574: $? = 1
configure:2563: mpifort -qversion >&5
gfortran: error: unrecognized command-line option '-qversion'; did you mean '--version'?
configure:2574: $? = 1
configure:2589: checking whether the Fortran compiler works
configure:2611: mpifort    conftest.f  >&5
configure:2615: $? = 0
configure:2663: result: yes
configure:2666: checking for Fortran compiler default output file name
configure:2668: result: a.out
configure:2674: checking for suffix of executables
configure:2681: mpifort -o conftest    conftest.f  >&5
configure:2685: $? = 0
configure:2707: result: 
configure:2723: checking whether we are cross compiling
configure:2731: mpifort -o conftest    conftest.f  >&5
configure:2735: $? = 0
configure:2742: ./conftest
configure:2746: $? = 0
configure:2761: result: no
configure:2766: checking for suffix of object files
configure:2782: mpifort -c   conftest.f >&5
configure:2786: $? = 0
configure:2807: result: o
configure:2815: checking whether we are using the GNU Fortran compiler
configure:2828: mpifort -c   conftest.F >&5
configure:2828: $? = 0
configure:2837: result: yes
configure:2843: checking whether mpifort accepts -g
configure:2854: mpifort -c -g  conftest.f >&5
configure:2854: $? = 0
configure:2862: result: yes
configure:2917: checking for function MPI_INIT
configure:2929: mpifort -o conftest -g -O2   conftest.f  >&5
configure:2929: $? = 0
configure:2936: result: yes
configure:2948: checking for MPI-3
configure:2955: mpifort -o conftest -g -O2   conftest.f  >&5
configure:2955: $? = 0
configure:2962: result: yes
configure:2968: checking for mpif.h
configure:2977: mpifort -c -g -O2  conftest.f >&5
configure:2977: $? = 0
configure:2978: result: yes
configure:3028: checking if MPI library supports mpi_f_sync_reg
configure:3036: mpifort -o conftest -g -O2   conftest.f  >&5
/usr/bin/ld: /tmp/ccVgCiAa.o: in function `main':
/home/edmondium/projects/project1/conftest.f:3: undefined reference to `mpi_f_sync_reg_'
collect2: error: ld returned 1 exit status
configure:3036: $? = 1
configure: failed program was:
|       program main
| 
|       call mpi_f_sync_reg(r)
|       end
configure:3043: result: no
configure:3046: checking if MPI library supports mpi_get_address
configure:3056: mpifort -o conftest -g -O2   conftest.f  >&5
configure:3056: $? = 0
configure:3063: result: yes
configure:3089: checking for MPI-MKL variant
configure:3108: mpifort -o conftest -g -O2   conftest.f  >&5
configure:3108: $? = 0
configure:3108: ./conftest
configure:3108: $? = 0
configure:3127: result: mpich
configure:3135: checking for compiler name
configure:3139: result: GNU Fortran (Ubuntu 10.3.0-1ubuntu1) 10.3.0
configure:3182: Default interface to fleurR5.1 will be compiled.
configure:3188: checking for src/readwrite_fleurR5.1.f
configure:3202: result: yes
configure:3243: checking for Fortran flag needed to accept 132 column source lines
configure:3265: mpifort -c -g -O2  conftest.f >&5
conftest.f:2:72:

    2 |       subroutine longer_than_80(arg1,arg2,arg3,arg4,arg5,arg6,arg7,arg8,arg9,arg10)
      |                                                                        1
Error: Invalid character in name at (1)
conftest.f:3:9:

    3 |       end subroutine
      |         1
Error: Expecting END PROGRAM statement at (1)
configure:3265: $? = 1
configure: failed program was:
| 
|       subroutine longer_than_80(arg1,arg2,arg3,arg4,arg5,arg6,arg7,arg8,arg9,arg10)
|       end subroutine
configure:3265: mpifort -c -g -O2 -ffree-line-length-none  conftest.f >&5
conftest.f:2:72:

    2 |       subroutine longer_than_80(arg1,arg2,arg3,arg4,arg5,arg6,arg7,arg8,arg9,arg10)
      |                                                                        1
Error: Invalid character in name at (1)
conftest.f:3:9:

    3 |       end subroutine
      |         1
Error: Expecting END PROGRAM statement at (1)
configure:3265: $? = 1
configure: failed program was:
| 
|       subroutine longer_than_80(arg1,arg2,arg3,arg4,arg5,arg6,arg7,arg8,arg9,arg10)
|       end subroutine
configure:3265: mpifort -c -g -O2 -ffixed-line-length-none  conftest.f >&5
configure:3265: $? = 0
configure:3274: result: -ffixed-line-length-none
configure:3313: mpifort -c -g -O2 -ffixed-line-length-none -g -CA -CB -CU -check noarg_temp_created  conftest.f >&5
gfortran: error: noarg_temp_created: No such file or directory
gfortran: error: unrecognized command-line option '-CA'; did you mean '-A'?
gfortran: error: unrecognized command-line option '-CB'; did you mean '-B'?
gfortran: error: unrecognized command-line option '-CU'; did you mean '-C'?
gfortran: error: unrecognized command-line option '-check'; did you mean '-fcheck='?
configure:3313: $? = 1
configure: failed program was:
|       program main
| 
|       end
configure:3313: mpifort -c -g -O2 -ffixed-line-length-none -fcheck=all,no-array-temps  conftest.f >&5
configure:3313: $? = 0
configure:3313: mpifort -c -g -O2 -ffixed-line-length-none -traceback  conftest.f >&5
gfortran: error: unrecognized command-line option '-traceback'
configure:3313: $? = 1
configure: failed program was:
|       program main
| 
|       end
configure:3313: mpifort -c -g -O2 -ffixed-line-length-none -fbacktrace  conftest.f >&5
configure:3313: $? = 0
configure:3313: mpifort -c -g -O2 -ffixed-line-length-none -ftrace=frame  conftest.f >&5
gfortran: error: unrecognized command-line option '-ftrace=frame'
configure:3313: $? = 1
configure: failed program was:
|       program main
| 
|       end
configure:3313: mpifort -c -g -O2 -ffixed-line-length-none -C=array  conftest.f >&5
gfortran: error: unrecognized command-line option '-C=array'
configure:3313: $? = 1
configure: failed program was:
|       program main
| 
|       end
configure:3313: mpifort -c -g -O2 -ffixed-line-length-none -gline  conftest.f >&5
gfortran: error: unrecognized debug output level 'line'
configure:3313: $? = 1
configure: failed program was:
|       program main
| 
|       end
configure:3326: Compiler check options:  -fcheck=all,no-array-temps -fbacktrace
configure:3332: checking for preprocessor flag
configure:3345: mpifort -c -g -O2 -ffixed-line-length-none -cpp  conftest.f >&5
configure:3345: $? = 0
configure:3352: result: -cpp
configure:3364: checking what preprocessor the compiler uses
configure:3372: mpifort -o conftest -g -O2 -ffixed-line-length-none -cpp   conftest.f  >&5
conftest.f:3:19:

    3 |        write(*,*) stringify(hallo)
      |                   1
Error: Expected expression in WRITE statement at (1)
configure:3372: $? = 1
configure: failed program was:
|       program main
| # define stringify(arg) #arg
|        write(*,*) stringify(hallo)
|       end
configure:3386: mpifort -o conftest -g -O2 -ffixed-line-length-none -cpp   conftest.f  >&5
configure:3386: $? = 0
configure:3394: result: cpp -traditional
configure:3406: checking if preprocessor supports directive WARNING
configure:3413: mpifort -c -g -O2 -ffixed-line-length-none -cpp  conftest.f >&5
conftest.f:2:3:

    2 | # warning message
      |   1~~~~~~
Warning: #warning message [-Wcpp]
configure:3413: $? = 0
configure:3419: result: yes
configure:3425: checking if compiler accepts overlong lines after preprocessing
configure:3433: mpifort -c -g -O2 -ffixed-line-length-none -cpp  conftest.f >&5
configure:3433: $? = 0
configure:3439: result: yes
configure:3449: checking if compiler accepts arithmetic overflow
configure:3456: mpifort -c -g -O2 -ffixed-line-length-none -cpp  conftest.f >&5
configure:3456: $? = 0
configure:3475: result: yes
configure:3484: checking if compiler accepts arithmetic overflow at runtime
configure:3497: mpifort -o conftest -g -O2 -ffixed-line-length-none -cpp   conftest.f  >&5
configure:3497: $? = 0
configure:3497: ./conftest
configure:3497: $? = 0
configure:3528: result: yes
configure:3539: checking if compiler supports hostnm
configure:3547: mpifort -o conftest -g -O2 -ffixed-line-length-none -cpp   conftest.f  >&5
configure:3547: $? = 0
configure:3554: result: yes
configure:3562: checking if compiler supports getpid
configure:3570: mpifort -o conftest -g -O2 -ffixed-line-length-none -cpp   conftest.f  >&5
configure:3570: $? = 0
configure:3577: result: yes
configure:3585: checking if compiler supports execute_command_line
configure:3592: mpifort -o conftest -g -O2 -ffixed-line-length-none -cpp   conftest.f  >&5
configure:3592: $? = 0
configure:3599: result: yes
configure:3629: checking if compiler supports call exit
configure:3636: mpifort -o conftest -g -O2 -ffixed-line-length-none -cpp   conftest.f  >&5
configure:3636: $? = 0
configure:3643: result: yes
configure:3671: checking for compiler optimization option
configure:3675: result: -O2 (found in FCFLAGS)
configure:3718: mpifort -c -g -O2 -ffixed-line-length-none -cpp -diag-disable 8290,8291  conftest.f >&5
gfortran: error: 8290,8291: No such file or directory
configure:3718: $? = 1
configure: failed program was:
|       program main
| 
|       end
configure:3727: checking if compiler accepts backslash
configure:3734: mpifort -c -g -O2 -ffixed-line-length-none -cpp  conftest.f >&5
configure:3734: $? = 0
configure:3754: result: yes
configure:3769: Debug compiler flag (-g) is stripped from FCFLAGS.
configure:3777: checking for GCC compiler bug 82065
configure:3797: mpifort -c  -O2 -ffixed-line-length-none -cpp  conftest.f >&5
configure:3797: $? = 0
configure:3806: result: no
configure:3811: checking if compiler supports intrinsic SIZEOF
configure:3819: mpifort -o conftest  -O2 -ffixed-line-length-none -cpp   conftest.f  >&5
configure:3819: $? = 0
configure:3829: result: yes
configure:3832: checking for function that gives imaginary part
configure:3840: mpifort -o conftest  -O2 -ffixed-line-length-none -cpp   conftest.f  >&5
configure:3840: $? = 0
configure:3863: result: imag
configure:3872: checking for option to suppress argument consistency checking
configure:3883: mpifort -c  -O2 -ffixed-line-length-none -cpp  conftest.f >&5
conftest.f:3:17:

    3 |       call sub(z)
      |                 1
Warning: Type mismatch in argument 'r' at (1); passed COMPLEX(4) to REAL(4)
configure:3883: $? = 0
configure:3916: result: notrequired
configure:3925: checking if compiler accepts non-standard "dollar" format descriptor
configure:3932: mpifort -c  -O2 -ffixed-line-length-none -cpp  conftest.f >&5
configure:3932: $? = 0
configure:3941: result: yes
configure:3944: checking if compiler supports ieee_arithmetic
configure:3951: mpifort -c  -O2 -ffixed-line-length-none -cpp  conftest.f >&5
configure:3951: $? = 0
configure:3960: result: yes
configure:4072: checking for Fortran 77 compiler version
configure:4081: mpifort --version >&5
GNU Fortran (Ubuntu 10.3.0-1ubuntu1) 10.3.0
Copyright (C) 2020 Free Software Foundation, Inc.
This is free software; see the source for copying conditions.  There is NO
warranty; not even for MERCHANTABILITY or FITNESS FOR A PARTICULAR PURPOSE.

configure:4092: $? = 0
configure:4081: mpifort -v >&5
mpifort for MPICH version 3.4.1
Using built-in specs.
COLLECT_GCC=gfortran
COLLECT_LTO_WRAPPER=/usr/lib/gcc/x86_64-linux-gnu/10/lto-wrapper
OFFLOAD_TARGET_NAMES=nvptx-none:amdgcn-amdhsa:hsa
OFFLOAD_TARGET_DEFAULT=1
Target: x86_64-linux-gnu
Configured with: ../src/configure -v --with-pkgversion='Ubuntu 10.3.0-1ubuntu1' --with-bugurl=file:///usr/share/doc/gcc-10/README.Bugs --enable-languages=c,ada,c++,go,brig,d,fortran,objc,obj-c++,m2 --prefix=/usr --with-gcc-major-version-only --program-suffix=-10 --program-prefix=x86_64-linux-gnu- --enable-shared --enable-linker-build-id --libexecdir=/usr/lib --without-included-gettext --enable-threads=posix --libdir=/usr/lib --enable-nls --enable-bootstrap --enable-clocale=gnu --enable-libstdcxx-debug --enable-libstdcxx-time=yes --with-default-libstdcxx-abi=new --enable-gnu-unique-object --disable-vtable-verify --enable-plugin --enable-default-pie --with-system-zlib --enable-libphobos-checking=release --with-target-system-zlib=auto --enable-objc-gc=auto --enable-multiarch --disable-werror --with-arch-32=i686 --with-abi=m64 --with-multilib-list=m32,m64,mx32 --enable-multilib --with-tune=generic --enable-offload-targets=nvptx-none=/build/gcc-10-gDeRY6/gcc-10-10.3.0/debian/tmp-nvptx/usr,amdgcn-amdhsa=/build/gcc-10-gDeRY6/gcc-10-10.3.0/debian/tmp-gcn/usr,hsa --without-cuda-driver --enable-checking=release --build=x86_64-linux-gnu --host=x86_64-linux-gnu --target=x86_64-linux-gnu --with-build-config=bootstrap-lto-lean --enable-link-mutex
Thread model: posix
Supported LTO compression algorithms: zlib zstd
gcc version 10.3.0 (Ubuntu 10.3.0-1ubuntu1) 
... rest of stderr output deleted ...
configure:4092: $? = 0
configure:4081: mpifort -V >&5
gfortran: error: unrecognized command-line option '-V'
configure:4092: $? = 1
configure:4081: mpifort -qversion >&5
gfortran: error: unrecognized command-line option '-qversion'; did you mean '--version'?
configure:4092: $? = 1
configure:4101: checking whether we are using the GNU Fortran 77 compiler
configure:4114: mpifort -c  conftest.F >&5
configure:4114: $? = 0
configure:4123: result: yes
configure:4129: checking whether mpifort accepts -g
configure:4140: mpifort -c -g conftest.f >&5
configure:4140: $? = 0
configure:4148: result: yes
configure:4180: checking build system type
configure:4194: result: x86_64-unknown-linux-gnu
configure:4214: checking host system type
configure:4227: result: x86_64-unknown-linux-gnu
configure:4252: checking how to get verbose linking output from mpifort
configure:4262: mpifort -c -g -O2 conftest.f >&5
configure:4262: $? = 0
configure:4280: mpifort -o conftest -g -O2 -v conftest.f
mpifort for MPICH version 3.4.1
Using built-in specs.
Target: x86_64-linux-gnu
Thread model: posix
Supported LTO compression algorithms: zlib zstd
gcc version 10.3.0 (Ubuntu 10.3.0-1ubuntu1) 
 /usr/lib/gcc/x86_64-linux-gnu/10/f951 conftest.f -ffixed-form -I /usr/include/x86_64-linux-gnu/mpich -I /usr/include/x86_64-linux-gnu/mpich -quiet -dumpbase conftest.f -mtune=generic -march=x86-64 -auxbase conftest -g -O2 -O2 -version -ffile-prefix-map=/build/mpich-gZ0jFH/mpich-3.4.1=. -fstack-protector-strong -fallow-invalid-boz -fallow-argument-mismatch -fintrinsic-modules-path /usr/lib/gcc/x86_64-linux-gnu/10/finclude -fpre-include=/usr/include/finclude/math-vector-fortran.h -o /tmp/cc5xIFPH.s
GNU Fortran (Ubuntu 10.3.0-1ubuntu1) version 10.3.0 (x86_64-linux-gnu)
	compiled by GNU C version 10.3.0, GMP version 6.2.1, MPFR version 4.1.0, MPC version 1.2.0, isl version isl-0.23-GMP

GGC heuristics: --param ggc-min-expand=100 --param ggc-min-heapsize=131072
GNU Fortran2008 (Ubuntu 10.3.0-1ubuntu1) version 10.3.0 (x86_64-linux-gnu)
	compiled by GNU C version 10.3.0, GMP version 6.2.1, MPFR version 4.1.0, MPC version 1.2.0, isl version isl-0.23-GMP

GGC heuristics: --param ggc-min-expand=100 --param ggc-min-heapsize=131072
 as -v -I /usr/include/x86_64-linux-gnu/mpich -I /usr/include/x86_64-linux-gnu/mpich --64 -o /tmp/ccVrXebG.o /tmp/cc5xIFPH.s
GNU assembler version 2.36.1 (x86_64-linux-gnu) using BFD version (GNU Binutils for Ubuntu) 2.36.1
Reading specs from /usr/lib/gcc/x86_64-linux-gnu/10/libgfortran.spec
rename spec lib to liborig
 /usr/lib/gcc/x86_64-linux-gnu/10/collect2 -plugin /usr/lib/gcc/x86_64-linux-gnu/10/liblto_plugin.so -plugin-opt=/usr/lib/gcc/x86_64-linux-gnu/10/lto-wrapper -plugin-opt=-fresolution=/tmp/ccPwzPwa.res -plugin-opt=-pass-through=-lgcc_s -plugin-opt=-pass-through=-lgcc -plugin-opt=-pass-through=-lquadmath -plugin-opt=-pass-through=-lm -plugin-opt=-pass-through=-lgcc_s -plugin-opt=-pass-through=-lgcc -plugin-opt=-pass-through=-lc -plugin-opt=-pass-through=-lgcc_s -plugin-opt=-pass-through=-lgcc --build-id --eh-frame-hdr -m elf_x86_64 --hash-style=gnu --as-needed -dynamic-linker /lib64/ld-linux-x86-64.so.2 -pie -z now -z relro -o conftest /usr/lib/gcc/x86_64-linux-gnu/10/../../../x86_64-linux-gnu/Scrt1.o /usr/lib/gcc/x86_64-linux-gnu/10/../../../x86_64-linux-gnu/crti.o /usr/lib/gcc/x86_64-linux-gnu/10/crtbeginS.o -L/usr/lib/x86_64-linux-gnu -L/usr/lib/gcc/x86_64-linux-gnu/10 -L/usr/lib/gcc/x86_64-linux-gnu/10/../../../x86_64-linux-gnu -L/usr/lib/gcc/x86_64-linux-gnu/10/../../../../lib -L/lib/x86_64-linux-gnu -L/lib/../lib -L/usr/lib/x86_64-linux-gnu -L/usr/lib/../lib -L/usr/lib/gcc/x86_64-linux-gnu/10/../../.. -Bsymbolic-functions -z relro /tmp/ccVrXebG.o -lmpichfort -lmpich -lgfortran -lm -lgcc_s -lgcc -lquadmath -lm -lgcc_s -lgcc -lc -lgcc_s -lgcc /usr/lib/gcc/x86_64-linux-gnu/10/crtendS.o /usr/lib/gcc/x86_64-linux-gnu/10/../../../x86_64-linux-gnu/crtn.o
configure:4363: result: -v
configure:4365: checking for Fortran 77 libraries of mpifort
configure:4388: mpifort -o conftest -g -O2 -v conftest.f
mpifort for MPICH version 3.4.1
Using built-in specs.
Target: x86_64-linux-gnu
Thread model: posix
Supported LTO compression algorithms: zlib zstd
gcc version 10.3.0 (Ubuntu 10.3.0-1ubuntu1) 
 /usr/lib/gcc/x86_64-linux-gnu/10/f951 conftest.f -ffixed-form -I /usr/include/x86_64-linux-gnu/mpich -I /usr/include/x86_64-linux-gnu/mpich -quiet -dumpbase conftest.f -mtune=generic -march=x86-64 -auxbase conftest -g -O2 -O2 -version -ffile-prefix-map=/build/mpich-gZ0jFH/mpich-3.4.1=. -fstack-protector-strong -fallow-invalid-boz -fallow-argument-mismatch -fintrinsic-modules-path /usr/lib/gcc/x86_64-linux-gnu/10/finclude -fpre-include=/usr/include/finclude/math-vector-fortran.h -o /tmp/ccISLZvT.s
GNU Fortran (Ubuntu 10.3.0-1ubuntu1) version 10.3.0 (x86_64-linux-gnu)
	compiled by GNU C version 10.3.0, GMP version 6.2.1, MPFR version 4.1.0, MPC version 1.2.0, isl version isl-0.23-GMP

GGC heuristics: --param ggc-min-expand=100 --param ggc-min-heapsize=131072
GNU Fortran2008 (Ubuntu 10.3.0-1ubuntu1) version 10.3.0 (x86_64-linux-gnu)
	compiled by GNU C version 10.3.0, GMP version 6.2.1, MPFR version 4.1.0, MPC version 1.2.0, isl version isl-0.23-GMP

GGC heuristics: --param ggc-min-expand=100 --param ggc-min-heapsize=131072
 as -v -I /usr/include/x86_64-linux-gnu/mpich -I /usr/include/x86_64-linux-gnu/mpich --64 -o /tmp/ccmyu515.o /tmp/ccISLZvT.s
GNU assembler version 2.36.1 (x86_64-linux-gnu) using BFD version (GNU Binutils for Ubuntu) 2.36.1
Reading specs from /usr/lib/gcc/x86_64-linux-gnu/10/libgfortran.spec
rename spec lib to liborig
 /usr/lib/gcc/x86_64-linux-gnu/10/collect2 -plugin /usr/lib/gcc/x86_64-linux-gnu/10/liblto_plugin.so -plugin-opt=/usr/lib/gcc/x86_64-linux-gnu/10/lto-wrapper -plugin-opt=-fresolution=/tmp/ccyOTBHC.res -plugin-opt=-pass-through=-lgcc_s -plugin-opt=-pass-through=-lgcc -plugin-opt=-pass-through=-lquadmath -plugin-opt=-pass-through=-lm -plugin-opt=-pass-through=-lgcc_s -plugin-opt=-pass-through=-lgcc -plugin-opt=-pass-through=-lc -plugin-opt=-pass-through=-lgcc_s -plugin-opt=-pass-through=-lgcc --build-id --eh-frame-hdr -m elf_x86_64 --hash-style=gnu --as-needed -dynamic-linker /lib64/ld-linux-x86-64.so.2 -pie -z now -z relro -o conftest /usr/lib/gcc/x86_64-linux-gnu/10/../../../x86_64-linux-gnu/Scrt1.o /usr/lib/gcc/x86_64-linux-gnu/10/../../../x86_64-linux-gnu/crti.o /usr/lib/gcc/x86_64-linux-gnu/10/crtbeginS.o -L/usr/lib/x86_64-linux-gnu -L/usr/lib/gcc/x86_64-linux-gnu/10 -L/usr/lib/gcc/x86_64-linux-gnu/10/../../../x86_64-linux-gnu -L/usr/lib/gcc/x86_64-linux-gnu/10/../../../../lib -L/lib/x86_64-linux-gnu -L/lib/../lib -L/usr/lib/x86_64-linux-gnu -L/usr/lib/../lib -L/usr/lib/gcc/x86_64-linux-gnu/10/../../.. -Bsymbolic-functions -z relro /tmp/ccmyu515.o -lmpichfort -lmpich -lgfortran -lm -lgcc_s -lgcc -lquadmath -lm -lgcc_s -lgcc -lc -lgcc_s -lgcc /usr/lib/gcc/x86_64-linux-gnu/10/crtendS.o /usr/lib/gcc/x86_64-linux-gnu/10/../../../x86_64-linux-gnu/crtn.o
configure:4584: result:  -L/usr/lib/x86_64-linux-gnu -L/usr/lib/gcc/x86_64-linux-gnu/10 -L/usr/lib/gcc/x86_64-linux-gnu/10/../../../x86_64-linux-gnu -L/usr/lib/gcc/x86_64-linux-gnu/10/../../../../lib -L/lib/x86_64-linux-gnu -L/lib/../lib -L/usr/lib/../lib -L/usr/lib/gcc/x86_64-linux-gnu/10/../../.. -lmpichfort -lmpich -lgfortran -lm -lquadmath
configure:4649: checking if sgemm is being linked in already
configure:4656: mpifort -o conftest  -O2 -ffixed-line-length-none -cpp   conftest.f   -L/usr/lib/x86_64-linux-gnu -L/usr/lib/gcc/x86_64-linux-gnu/10 -L/usr/lib/gcc/x86_64-linux-gnu/10/../../../x86_64-linux-gnu -L/usr/lib/gcc/x86_64-linux-gnu/10/../../../../lib -L/lib/x86_64-linux-gnu -L/lib/../lib -L/usr/lib/../lib -L/usr/lib/gcc/x86_64-linux-gnu/10/../../.. -lmpichfort -lmpich -lgfortran -lm -lquadmath >&5
/usr/bin/ld: /tmp/ccSMUZan.o: in function `main':
conftest.f:(.text.startup+0x1d): undefined reference to `sgemm_'
collect2: error: ld returned 1 exit status
configure:4656: $? = 1
configure: failed program was:
|       program main
|       call sgemm
|       end
configure:4661: result: no
configure:4669: checking if -mkl option is available
configure:4676: mpifort -o conftest  -O2 -ffixed-line-length-none -cpp   conftest.f -mkl=sequential   -L/usr/lib/x86_64-linux-gnu -L/usr/lib/gcc/x86_64-linux-gnu/10 -L/usr/lib/gcc/x86_64-linux-gnu/10/../../../x86_64-linux-gnu -L/usr/lib/gcc/x86_64-linux-gnu/10/../../../../lib -L/lib/x86_64-linux-gnu -L/lib/../lib -L/usr/lib/../lib -L/usr/lib/gcc/x86_64-linux-gnu/10/../../.. -lmpichfort -lmpich -lgfortran -lm -lquadmath >&5
gfortran: error: unrecognized command-line option '-mkl=sequential'
configure:4676: $? = 1
configure: failed program was:
|       program main
|       call sgemm
|       end
configure:4681: result: no
configure:4689: checking for sgemm in -lopenblas
configure:4701: mpifort -o conftest  -O2 -ffixed-line-length-none -cpp   conftest.f -lopenblas    -L/usr/lib/x86_64-linux-gnu -L/usr/lib/gcc/x86_64-linux-gnu/10 -L/usr/lib/gcc/x86_64-linux-gnu/10/../../../x86_64-linux-gnu -L/usr/lib/gcc/x86_64-linux-gnu/10/../../../../lib -L/lib/x86_64-linux-gnu -L/lib/../lib -L/usr/lib/../lib -L/usr/lib/gcc/x86_64-linux-gnu/10/../../.. -lmpichfort -lmpich -lgfortran -lm -lquadmath >&5
/usr/bin/ld: cannot find -lopenblas
collect2: error: ld returned 1 exit status
configure:4701: $? = 1
configure: failed program was:
|       program main
|       call sgemm
|       end
configure:4711: result: no
configure:4722: checking for ATL_xerbla in -latlas
configure:4734: mpifort -o conftest  -O2 -ffixed-line-length-none -cpp   conftest.f -latlas    -L/usr/lib/x86_64-linux-gnu -L/usr/lib/gcc/x86_64-linux-gnu/10 -L/usr/lib/gcc/x86_64-linux-gnu/10/../../../x86_64-linux-gnu -L/usr/lib/gcc/x86_64-linux-gnu/10/../../../../lib -L/lib/x86_64-linux-gnu -L/lib/../lib -L/usr/lib/../lib -L/usr/lib/gcc/x86_64-linux-gnu/10/../../.. -lmpichfort -lmpich -lgfortran -lm -lquadmath >&5
/usr/bin/ld: cannot find -latlas
collect2: error: ld returned 1 exit status
configure:4734: $? = 1
configure: failed program was:
|       program main
|       call ATL_xerbla
|       end
configure:4743: result: no
configure:4809: checking for sgemm in -lblas
configure:4821: mpifort -o conftest  -O2 -ffixed-line-length-none -cpp   conftest.f -lblas    -L/usr/lib/x86_64-linux-gnu -L/usr/lib/gcc/x86_64-linux-gnu/10 -L/usr/lib/gcc/x86_64-linux-gnu/10/../../../x86_64-linux-gnu -L/usr/lib/gcc/x86_64-linux-gnu/10/../../../../lib -L/lib/x86_64-linux-gnu -L/lib/../lib -L/usr/lib/../lib -L/usr/lib/gcc/x86_64-linux-gnu/10/../../.. -lmpichfort -lmpich -lgfortran -lm -lquadmath >&5
configure:4821: $? = 0
configure:4831: result: yes
configure:4835: checking for dgemm in -ldgemm
configure:4847: mpifort -o conftest  -O2 -ffixed-line-length-none -cpp   conftest.f -ldgemm -lblas   -L/usr/lib/x86_64-linux-gnu -L/usr/lib/gcc/x86_64-linux-gnu/10 -L/usr/lib/gcc/x86_64-linux-gnu/10/../../../x86_64-linux-gnu -L/usr/lib/gcc/x86_64-linux-gnu/10/../../../../lib -L/lib/x86_64-linux-gnu -L/lib/../lib -L/usr/lib/../lib -L/usr/lib/gcc/x86_64-linux-gnu/10/../../.. -lmpichfort -lmpich -lgfortran -lm -lquadmath >&5
/usr/bin/ld: cannot find -ldgemm
collect2: error: ld returned 1 exit status
configure:4847: $? = 1
configure: failed program was:
|       program main
|       call dgemm
|       end
configure:4857: result: no
configure:4902: checking for sgemm in -lmkl_gf_lp64
configure:4914: mpifort -o conftest  -O2 -ffixed-line-length-none -cpp   conftest.f -lmkl_gf_lp64 -lmkl_gf_lp64 -lmkl_sequential -lmkl_core -lpthread   -L/usr/lib/x86_64-linux-gnu -L/usr/lib/gcc/x86_64-linux-gnu/10 -L/usr/lib/gcc/x86_64-linux-gnu/10/../../../x86_64-linux-gnu -L/usr/lib/gcc/x86_64-linux-gnu/10/../../../../lib -L/lib/x86_64-linux-gnu -L/lib/../lib -L/usr/lib/../lib -L/usr/lib/gcc/x86_64-linux-gnu/10/../../.. -lmpichfort -lmpich -lgfortran -lm -lquadmath >&5
/usr/bin/ld: cannot find -lmkl_gf_lp64
/usr/bin/ld: cannot find -lmkl_gf_lp64
/usr/bin/ld: cannot find -lmkl_sequential
/usr/bin/ld: cannot find -lmkl_core
collect2: error: ld returned 1 exit status
configure:4914: $? = 1
configure: failed program was:
|       program main
|       call sgemm
|       end
configure:4924: result: no
configure:5032: checking for sgemm in -lmkl
configure:5044: mpifort -o conftest  -O2 -ffixed-line-length-none -cpp   conftest.f -lmkl -lguide -lpthread   -L/usr/lib/x86_64-linux-gnu -L/usr/lib/gcc/x86_64-linux-gnu/10 -L/usr/lib/gcc/x86_64-linux-gnu/10/../../../x86_64-linux-gnu -L/usr/lib/gcc/x86_64-linux-gnu/10/../../../../lib -L/lib/x86_64-linux-gnu -L/lib/../lib -L/usr/lib/../lib -L/usr/lib/gcc/x86_64-linux-gnu/10/../../.. -lmpichfort -lmpich -lgfortran -lm -lquadmath >&5
/usr/bin/ld: cannot find -lmkl
/usr/bin/ld: cannot find -lguide
collect2: error: ld returned 1 exit status
configure:5044: $? = 1
configure: failed program was:
|       program main
|       call sgemm
|       end
configure:5054: result: no
configure:5065: checking for sgemm in -framework vecLib
configure:5072: mpifort -o conftest  -O2 -ffixed-line-length-none -cpp   conftest.f -framework vecLib   -L/usr/lib/x86_64-linux-gnu -L/usr/lib/gcc/x86_64-linux-gnu/10 -L/usr/lib/gcc/x86_64-linux-gnu/10/../../../x86_64-linux-gnu -L/usr/lib/gcc/x86_64-linux-gnu/10/../../../../lib -L/lib/x86_64-linux-gnu -L/lib/../lib -L/usr/lib/../lib -L/usr/lib/gcc/x86_64-linux-gnu/10/../../.. -lmpichfort -lmpich -lgfortran -lm -lquadmath >&5
gfortran: error: vecLib: No such file or directory
gfortran: error: unrecognized command-line option '-framework'
configure:5072: $? = 1
configure: failed program was:
|       program main
|       call sgemm
|       end
configure:5077: result: no
configure:5085: checking for sgemm in -lcxml
configure:5097: mpifort -o conftest  -O2 -ffixed-line-length-none -cpp   conftest.f -lcxml    -L/usr/lib/x86_64-linux-gnu -L/usr/lib/gcc/x86_64-linux-gnu/10 -L/usr/lib/gcc/x86_64-linux-gnu/10/../../../x86_64-linux-gnu -L/usr/lib/gcc/x86_64-linux-gnu/10/../../../../lib -L/lib/x86_64-linux-gnu -L/lib/../lib -L/usr/lib/../lib -L/usr/lib/gcc/x86_64-linux-gnu/10/../../.. -lmpichfort -lmpich -lgfortran -lm -lquadmath >&5
/usr/bin/ld: cannot find -lcxml
collect2: error: ld returned 1 exit status
configure:5097: $? = 1
configure: failed program was:
|       program main
|       call sgemm
|       end
configure:5107: result: no
configure:5118: checking for sgemm in -ldxml
configure:5130: mpifort -o conftest  -O2 -ffixed-line-length-none -cpp   conftest.f -ldxml    -L/usr/lib/x86_64-linux-gnu -L/usr/lib/gcc/x86_64-linux-gnu/10 -L/usr/lib/gcc/x86_64-linux-gnu/10/../../../x86_64-linux-gnu -L/usr/lib/gcc/x86_64-linux-gnu/10/../../../../lib -L/lib/x86_64-linux-gnu -L/lib/../lib -L/usr/lib/../lib -L/usr/lib/gcc/x86_64-linux-gnu/10/../../.. -lmpichfort -lmpich -lgfortran -lm -lquadmath >&5
/usr/bin/ld: cannot find -ldxml
collect2: error: ld returned 1 exit status
configure:5130: $? = 1
configure: failed program was:
|       program main
|       call sgemm
|       end
configure:5140: result: no
configure:5151: checking for acosp in -lsunmath
configure:5163: mpifort -o conftest  -O2 -ffixed-line-length-none -cpp   conftest.f -lsunmath    -L/usr/lib/x86_64-linux-gnu -L/usr/lib/gcc/x86_64-linux-gnu/10 -L/usr/lib/gcc/x86_64-linux-gnu/10/../../../x86_64-linux-gnu -L/usr/lib/gcc/x86_64-linux-gnu/10/../../../../lib -L/lib/x86_64-linux-gnu -L/lib/../lib -L/usr/lib/../lib -L/usr/lib/gcc/x86_64-linux-gnu/10/../../.. -lmpichfort -lmpich -lgfortran -lm -lquadmath >&5
/usr/bin/ld: cannot find -lsunmath
collect2: error: ld returned 1 exit status
configure:5163: $? = 1
configure: failed program was:
|       program main
|       call acosp
|       end
configure:5172: result: no
configure:5213: checking for sgemm in -lscs
configure:5225: mpifort -o conftest  -O2 -ffixed-line-length-none -cpp   conftest.f -lscs    -L/usr/lib/x86_64-linux-gnu -L/usr/lib/gcc/x86_64-linux-gnu/10 -L/usr/lib/gcc/x86_64-linux-gnu/10/../../../x86_64-linux-gnu -L/usr/lib/gcc/x86_64-linux-gnu/10/../../../../lib -L/lib/x86_64-linux-gnu -L/lib/../lib -L/usr/lib/../lib -L/usr/lib/gcc/x86_64-linux-gnu/10/../../.. -lmpichfort -lmpich -lgfortran -lm -lquadmath >&5
/usr/bin/ld: cannot find -lscs
collect2: error: ld returned 1 exit status
configure:5225: $? = 1
configure: failed program was:
|       program main
|       call sgemm
|       end
configure:5235: result: no
configure:5246: checking for sgemm in -lcomplib.sgimath
configure:5258: mpifort -o conftest  -O2 -ffixed-line-length-none -cpp   conftest.f -lcomplib.sgimath    -L/usr/lib/x86_64-linux-gnu -L/usr/lib/gcc/x86_64-linux-gnu/10 -L/usr/lib/gcc/x86_64-linux-gnu/10/../../../x86_64-linux-gnu -L/usr/lib/gcc/x86_64-linux-gnu/10/../../../../lib -L/lib/x86_64-linux-gnu -L/lib/../lib -L/usr/lib/../lib -L/usr/lib/gcc/x86_64-linux-gnu/10/../../.. -lmpichfort -lmpich -lgfortran -lm -lquadmath >&5
/usr/bin/ld: cannot find -lcomplib.sgimath
collect2: error: ld returned 1 exit status
configure:5258: $? = 1
configure: failed program was:
|       program main
|       call sgemm
|       end
configure:5268: result: no
configure:5279: checking for sgemm in -lblas
configure:5301: result: yes
configure:5305: checking for sgemm in -lessl
configure:5317: mpifort -o conftest  -O2 -ffixed-line-length-none -cpp   conftest.f -lessl -lblas  -L/usr/lib/x86_64-linux-gnu -L/usr/lib/gcc/x86_64-linux-gnu/10 -L/usr/lib/gcc/x86_64-linux-gnu/10/../../../x86_64-linux-gnu -L/usr/lib/gcc/x86_64-linux-gnu/10/../../../../lib -L/lib/x86_64-linux-gnu -L/lib/../lib -L/usr/lib/../lib -L/usr/lib/gcc/x86_64-linux-gnu/10/../../.. -lmpichfort -lmpich -lgfortran -lm -lquadmath   -L/usr/lib/x86_64-linux-gnu -L/usr/lib/gcc/x86_64-linux-gnu/10 -L/usr/lib/gcc/x86_64-linux-gnu/10/../../../x86_64-linux-gnu -L/usr/lib/gcc/x86_64-linux-gnu/10/../../../../lib -L/lib/x86_64-linux-gnu -L/lib/../lib -L/usr/lib/../lib -L/usr/lib/gcc/x86_64-linux-gnu/10/../../.. -lmpichfort -lmpich -lgfortran -lm -lquadmath >&5
/usr/bin/ld: cannot find -lessl
collect2: error: ld returned 1 exit status
configure:5317: $? = 1
configure: failed program was:
|       program main
|       call sgemm
|       end
configure:5327: result: no
configure:5340: checking for sgemm in -lblas
configure:5362: result: yes
configure:5441: checking for cheev
configure:5441: mpifort -o conftest  -O2 -ffixed-line-length-none -cpp   conftest.f  -lblas  -L/usr/lib/x86_64-linux-gnu -L/usr/lib/gcc/x86_64-linux-gnu/10 -L/usr/lib/gcc/x86_64-linux-gnu/10/../../../x86_64-linux-gnu -L/usr/lib/gcc/x86_64-linux-gnu/10/../../../../lib -L/lib/x86_64-linux-gnu -L/lib/../lib -L/usr/lib/../lib -L/usr/lib/gcc/x86_64-linux-gnu/10/../../.. -lmpichfort -lmpich -lgfortran -lm -lquadmath >&5
/usr/bin/ld: /tmp/ccguW3Dn.o: in function `main':
conftest.f:(.text.startup+0x1d): undefined reference to `cheev_'
collect2: error: ld returned 1 exit status
configure:5441: $? = 1
configure: failed program was:
|       program main
|       call cheev
|       end
configure:5441: result: no
configure:5453: checking for cheev
configure:5453: result: no
configure:5466: checking for cheev in -llapack
configure:5478: mpifort -o conftest  -O2 -ffixed-line-length-none -cpp   conftest.f -llapack  -L/usr/lib/x86_64-linux-gnu -L/usr/lib/gcc/x86_64-linux-gnu/10 -L/usr/lib/gcc/x86_64-linux-gnu/10/../../../x86_64-linux-gnu -L/usr/lib/gcc/x86_64-linux-gnu/10/../../../../lib -L/lib/x86_64-linux-gnu -L/lib/../lib -L/usr/lib/../lib -L/usr/lib/gcc/x86_64-linux-gnu/10/../../.. -lmpichfort -lmpich -lgfortran -lm -lquadmath -lblas  >&5
configure:5478: $? = 0
configure:5488: result: yes
configure:5523: checking for scalapack  
configure:5533: mpifort -o conftest  -O2 -ffixed-line-length-none -cpp   conftest.f  -llapack -lblas   -L/usr/lib/x86_64-linux-gnu -L/usr/lib/gcc/x86_64-linux-gnu/10 -L/usr/lib/gcc/x86_64-linux-gnu/10/../../../x86_64-linux-gnu -L/usr/lib/gcc/x86_64-linux-gnu/10/../../../../lib -L/lib/x86_64-linux-gnu -L/lib/../lib -L/usr/lib/../lib -L/usr/lib/gcc/x86_64-linux-gnu/10/../../.. -lmpichfort -lmpich -lgfortran -lm -lquadmath >&5
/usr/bin/ld: /tmp/ccL3sHDC.o: in function `main':
conftest.f:(.text.startup+0x1d): undefined reference to `blacs_get_'
/usr/bin/ld: conftest.f:(.text.startup+0x24): undefined reference to `pdgesv_'
collect2: error: ld returned 1 exit status
configure:5533: $? = 1
configure: failed program was:
|       program main
|       call blacs_get
|       call pdgesv
|       end
configure:5540: result: no
configure:5523: checking for scalapack in -lmkl_scalapack_lp64 -lmkl_blacs_mpich_lp64
configure:5533: mpifort -o conftest  -O2 -ffixed-line-length-none -cpp   conftest.f -lmkl_scalapack_lp64 -lmkl_blacs_mpich_lp64 -llapack -lblas   -L/usr/lib/x86_64-linux-gnu -L/usr/lib/gcc/x86_64-linux-gnu/10 -L/usr/lib/gcc/x86_64-linux-gnu/10/../../../x86_64-linux-gnu -L/usr/lib/gcc/x86_64-linux-gnu/10/../../../../lib -L/lib/x86_64-linux-gnu -L/lib/../lib -L/usr/lib/../lib -L/usr/lib/gcc/x86_64-linux-gnu/10/../../.. -lmpichfort -lmpich -lgfortran -lm -lquadmath >&5
/usr/bin/ld: cannot find -lmkl_scalapack_lp64
/usr/bin/ld: cannot find -lmkl_blacs_mpich_lp64
collect2: error: ld returned 1 exit status
configure:5533: $? = 1
configure: failed program was:
|       program main
|       call blacs_get
|       call pdgesv
|       end
configure:5540: result: no
configure:5523: checking for scalapack in -lscalapack
configure:5533: mpifort -o conftest  -O2 -ffixed-line-length-none -cpp   conftest.f -lscalapack -llapack -lblas   -L/usr/lib/x86_64-linux-gnu -L/usr/lib/gcc/x86_64-linux-gnu/10 -L/usr/lib/gcc/x86_64-linux-gnu/10/../../../x86_64-linux-gnu -L/usr/lib/gcc/x86_64-linux-gnu/10/../../../../lib -L/lib/x86_64-linux-gnu -L/lib/../lib -L/usr/lib/../lib -L/usr/lib/gcc/x86_64-linux-gnu/10/../../.. -lmpichfort -lmpich -lgfortran -lm -lquadmath >&5
/usr/bin/ld: cannot find -lscalapack
collect2: error: ld returned 1 exit status
configure:5533: $? = 1
configure: failed program was:
|       program main
|       call blacs_get
|       call pdgesv
|       end
configure:5540: result: no
configure:5523: checking for scalapack in -lscalapack -lopenblas
configure:5533: mpifort -o conftest  -O2 -ffixed-line-length-none -cpp   conftest.f -lscalapack -lopenblas -llapack -lblas   -L/usr/lib/x86_64-linux-gnu -L/usr/lib/gcc/x86_64-linux-gnu/10 -L/usr/lib/gcc/x86_64-linux-gnu/10/../../../x86_64-linux-gnu -L/usr/lib/gcc/x86_64-linux-gnu/10/../../../../lib -L/lib/x86_64-linux-gnu -L/lib/../lib -L/usr/lib/../lib -L/usr/lib/gcc/x86_64-linux-gnu/10/../../.. -lmpichfort -lmpich -lgfortran -lm -lquadmath >&5
/usr/bin/ld: cannot find -lscalapack
/usr/bin/ld: cannot find -lopenblas
collect2: error: ld returned 1 exit status
configure:5533: $? = 1
configure: failed program was:
|       program main
|       call blacs_get
|       call pdgesv
|       end
configure:5540: result: no
configure:5523: checking for scalapack in -lscalapack-mpich
configure:5533: mpifort -o conftest  -O2 -ffixed-line-length-none -cpp   conftest.f -lscalapack-mpich -llapack -lblas   -L/usr/lib/x86_64-linux-gnu -L/usr/lib/gcc/x86_64-linux-gnu/10 -L/usr/lib/gcc/x86_64-linux-gnu/10/../../../x86_64-linux-gnu -L/usr/lib/gcc/x86_64-linux-gnu/10/../../../../lib -L/lib/x86_64-linux-gnu -L/lib/../lib -L/usr/lib/../lib -L/usr/lib/gcc/x86_64-linux-gnu/10/../../.. -lmpichfort -lmpich -lgfortran -lm -lquadmath >&5
configure:5533: $? = 0
configure:5540: result: yes
configure:5555: checking for fftw3
configure:5563: mpifort -c  -O2 -ffixed-line-length-none -cpp  conftest.f >&5
configure:5563: $? = 0
configure:5583: mpifort -o conftest  -O2 -ffixed-line-length-none -cpp   conftest.f -lscalapack-mpich -llapack -lblas   -L/usr/lib/x86_64-linux-gnu -L/usr/lib/gcc/x86_64-linux-gnu/10 -L/usr/lib/gcc/x86_64-linux-gnu/10/../../../x86_64-linux-gnu -L/usr/lib/gcc/x86_64-linux-gnu/10/../../../../lib -L/lib/x86_64-linux-gnu -L/lib/../lib -L/usr/lib/../lib -L/usr/lib/gcc/x86_64-linux-gnu/10/../../.. -lmpichfort -lmpich -lgfortran -lm -lquadmath >&5
/usr/bin/ld: /tmp/ccOfLf4R.o: in function `main':
conftest.f:(.text.startup+0x1d): undefined reference to `dfftw_execute_'
collect2: error: ld returned 1 exit status
configure:5583: $? = 1
configure: failed program was:
|       program main
| # include <fftw3.f>
|       call dfftw_execute
|       end
configure:5598: mpifort -o conftest  -O2 -ffixed-line-length-none -cpp   conftest.f -lscalapack-mpich -llapack -lblas   -L/usr/lib/x86_64-linux-gnu -L/usr/lib/gcc/x86_64-linux-gnu/10 -L/usr/lib/gcc/x86_64-linux-gnu/10/../../../x86_64-linux-gnu -L/usr/lib/gcc/x86_64-linux-gnu/10/../../../../lib -L/lib/x86_64-linux-gnu -L/lib/../lib -L/usr/lib/../lib -L/usr/lib/gcc/x86_64-linux-gnu/10/../../.. -lmpichfort -lmpich -lgfortran -lm -lquadmath -lfftw3 >&5
configure:5598: $? = 0
configure:5606: result: yes
configure:5627: Set --with-wan
configure:5714: checking for wannier_setup in -lwannier
configure:5726: mpifort -o conftest  -O2 -ffixed-line-length-none -cpp   conftest.f -lwannier  -lscalapack-mpich -llapack -lblas   -L/usr/lib/x86_64-linux-gnu -L/usr/lib/gcc/x86_64-linux-gnu/10 -L/usr/lib/gcc/x86_64-linux-gnu/10/../../../x86_64-linux-gnu -L/usr/lib/gcc/x86_64-linux-gnu/10/../../../../lib -L/lib/x86_64-linux-gnu -L/lib/../lib -L/usr/lib/../lib -L/usr/lib/gcc/x86_64-linux-gnu/10/../../.. -lmpichfort -lmpich -lgfortran -lm -lquadmath -lfftw3 >&5
configure:5726: $? = 0
configure:5735: result: yes
configure:5754: checking for Wannier90 version
configure:5764: mpifort -c  -O2 -ffixed-line-length-none -cpp  conftest.f >&5
configure:5764: $? = 0
configure:5777: mpifort -o conftest  -O2 -ffixed-line-length-none -cpp   conftest.f -lwannier -lscalapack-mpich -llapack -lblas   -L/usr/lib/x86_64-linux-gnu -L/usr/lib/gcc/x86_64-linux-gnu/10 -L/usr/lib/gcc/x86_64-linux-gnu/10/../../../x86_64-linux-gnu -L/usr/lib/gcc/x86_64-linux-gnu/10/../../../../lib -L/lib/x86_64-linux-gnu -L/lib/../lib -L/usr/lib/../lib -L/usr/lib/gcc/x86_64-linux-gnu/10/../../.. -lmpichfort -lmpich -lgfortran -lm -lquadmath -lfftw3 >&5
configure:5777: $? = 0
configure:5785: result: 2-3
configure:5818: checking for HDF5
configure:5826: mpifort -c  -O2 -ffixed-line-length-none -cpp -I/usr/lib/x86_64-linux-gnu/hdf5/mpich/include  conftest.f >&5
configure:5826: $? = 0
configure:5832: result: yes
configure:5908: checking if HDF5 can be linked
configure:5916: mpifort -o conftest  -O2 -ffixed-line-length-none -cpp -I/usr/lib/x86_64-linux-gnu/hdf5/mpich/include  -L/usr/lib/x86_64-linux-gnu/hdf5/mpich/lib  conftest.f -lwannier -lscalapack-mpich -llapack -lblas   -L/usr/lib/x86_64-linux-gnu -L/usr/lib/gcc/x86_64-linux-gnu/10 -L/usr/lib/gcc/x86_64-linux-gnu/10/../../../x86_64-linux-gnu -L/usr/lib/gcc/x86_64-linux-gnu/10/../../../../lib -L/lib/x86_64-linux-gnu -L/lib/../lib -L/usr/lib/../lib -L/usr/lib/gcc/x86_64-linux-gnu/10/../../.. -lmpichfort -lmpich -lgfortran -lm -lquadmath -lfftw3 -lhdf5 -lhdf5_fortran >&5
configure:5916: $? = 0
configure:5923: result: yes
configure:5965: checking for parallel HDF5
configure:5975: mpifort -o conftest  -O2 -ffixed-line-length-none -cpp -I/usr/lib/x86_64-linux-gnu/hdf5/mpich/include  -L/usr/lib/x86_64-linux-gnu/hdf5/mpich/lib  conftest.f -lwannier -lscalapack-mpich -llapack -lblas   -L/usr/lib/x86_64-linux-gnu -L/usr/lib/gcc/x86_64-linux-gnu/10 -L/usr/lib/gcc/x86_64-linux-gnu/10/../../../x86_64-linux-gnu -L/usr/lib/gcc/x86_64-linux-gnu/10/../../../../lib -L/lib/x86_64-linux-gnu -L/lib/../lib -L/usr/lib/../lib -L/usr/lib/gcc/x86_64-linux-gnu/10/../../.. -lmpichfort -lmpich -lgfortran -lm -lquadmath -lfftw3 -lhdf5 -lhdf5_fortran >&5
configure:5975: $? = 0
configure:5982: result: yes
configure:6222: creating ./config.status

## ---------------------- ##
## Running config.status. ##
## ---------------------- ##

This file was extended by Spex config.status 1-05.09, which was
generated by GNU Autoconf 2.69.  Invocation command line was

  CONFIG_FILES    = 
  CONFIG_HEADERS  = 
  CONFIG_LINKS    = 
  CONFIG_COMMANDS = 
  $ ./config.status 

on DESKTOP-P08VCCB

config.status:749: creating Makefile
config.status:749: creating src/Makefile
config.status:749: creating src/config.h

## ---------------- ##
## Cache variables. ##
## ---------------- ##

ac_cv_build=x86_64-unknown-linux-gnu
ac_cv_env_F77_set=
ac_cv_env_F77_value=
ac_cv_env_FCFLAGS_set=
ac_cv_env_FCFLAGS_value=
ac_cv_env_FC_set=
ac_cv_env_FC_value=
ac_cv_env_FFLAGS_set=
ac_cv_env_FFLAGS_value=
ac_cv_env_LDFLAGS_set=
ac_cv_env_LDFLAGS_value=
ac_cv_env_LIBS_set=
ac_cv_env_LIBS_value=
ac_cv_env_MPIFC_set=set
ac_cv_env_MPIFC_value=mpifort
ac_cv_env_build_alias_set=
ac_cv_env_build_alias_value=
ac_cv_env_host_alias_set=
ac_cv_env_host_alias_value=
ac_cv_env_target_alias_set=
ac_cv_env_target_alias_value=
ac_cv_f77_compiler_gnu=yes
ac_cv_f77_libs=' -L/usr/lib/x86_64-linux-gnu -L/usr/lib/gcc/x86_64-linux-gnu/10 -L/usr/lib/gcc/x86_64-linux-gnu/10/../../../x86_64-linux-gnu -L/usr/lib/gcc/x86_64-linux-gnu/10/../../../../lib -L/lib/x86_64-linux-gnu -L/lib/../lib -L/usr/lib/../lib -L/usr/lib/gcc/x86_64-linux-gnu/10/../../.. -lmpichfort -lmpich -lgfortran -lm -lquadmath'
ac_cv_fc_compiler_gnu=yes
ac_cv_fc_line_length=-ffixed-line-length-none
ac_cv_file_src_readwrite_fleurR5_1_f=yes
ac_cv_func_cheev=no
ac_cv_host=x86_64-unknown-linux-gnu
ac_cv_lib_atlas_ATL_xerbla=no
ac_cv_lib_blas_sgemm=yes
ac_cv_lib_complib_sgimath_sgemm=no
ac_cv_lib_cxml_sgemm=no
ac_cv_lib_dgemm_dgemm=no
ac_cv_lib_dxml_sgemm=no
ac_cv_lib_essl_sgemm=no
ac_cv_lib_lapack___cheev=yes
ac_cv_lib_mkl_gf_lp64_sgemm=no
ac_cv_lib_mkl_sgemm=no
ac_cv_lib_openblas_sgemm=no
ac_cv_lib_scs_sgemm=no
ac_cv_lib_sunmath_acosp=no
ac_cv_lib_wannier_wannier_setup=yes
ac_cv_objext=o
ac_cv_prog_f77_g=yes
ac_cv_prog_f77_v=-v
ac_cv_prog_fc_g=yes

## ----------------- ##
## Output variables. ##
## ----------------- ##

BLAS_LIBS='-lblas'
CHECK=' -fcheck=all,no-array-temps -fbacktrace'
COMPNM=''\''GNU Fortran (Ubuntu 10.3.0-1ubuntu1) 10.3.0'\'''
CPPFLAGS=' -DnoMSYNC -DCPPTRAD'
DEFS='-DPACKAGE_NAME=\"Spex\" -DPACKAGE_TARNAME=\"spex\" -DPACKAGE_VERSION=\"1-05.09\" -DPACKAGE_STRING=\"Spex\ 1-05.09\" -DPACKAGE_BUGREPORT=\"\" -DPACKAGE_URL=\"\" -DHAVE_BLAS=1 -DHAVE_LAPACK=1 -DHAVE_LIBWANNIER=1'
DFT='_fleurR5.1'
ECHO_C=''
ECHO_N='-n'
ECHO_T=''
EXEEXT=''
F77='mpifort'
FC='mpifort'
FCFLAGS=' -O2 -ffixed-line-length-none -cpp -I/usr/lib/x86_64-linux-gnu/hdf5/mpich/include'
FFLAGS='-g -O2'
FLAGS=' -DMPI -DWAN -DWANv2'
FLEUR_DIR=''
FLIBS=' -L/usr/lib/x86_64-linux-gnu -L/usr/lib/gcc/x86_64-linux-gnu/10 -L/usr/lib/gcc/x86_64-linux-gnu/10/../../../x86_64-linux-gnu -L/usr/lib/gcc/x86_64-linux-gnu/10/../../../../lib -L/lib/x86_64-linux-gnu -L/lib/../lib -L/usr/lib/../lib -L/usr/lib/gcc/x86_64-linux-gnu/10/../../.. -lmpichfort -lmpich -lgfortran -lm -lquadmath'
LAPACK_LIBS='-llapack'
LDFLAGS=' -L/usr/lib/x86_64-linux-gnu/hdf5/mpich/lib'
LIBOBJS=''
LIBS='-lwannier -lscalapack-mpich -llapack -lblas   -L/usr/lib/x86_64-linux-gnu -L/usr/lib/gcc/x86_64-linux-gnu/10 -L/usr/lib/gcc/x86_64-linux-gnu/10/../../../x86_64-linux-gnu -L/usr/lib/gcc/x86_64-linux-gnu/10/../../../../lib -L/lib/x86_64-linux-gnu -L/lib/../lib -L/usr/lib/../lib -L/usr/lib/gcc/x86_64-linux-gnu/10/../../.. -lmpichfort -lmpich -lgfortran -lm -lquadmath -lfftw3 -lhdf5 -lhdf5_fortran'
LTLIBOBJS=''
MODE='user'
MPIFC='mpifort'
OBJEXT='o'
PACKAGE_BUGREPORT=''
PACKAGE_NAME='Spex'
PACKAGE_STRING='Spex 1-05.09'
PACKAGE_TARNAME='spex'
PACKAGE_URL=''
PACKAGE_VERSION='1-05.09'
PATH_SEPARATOR=':'
SHELL='/bin/bash'
ac_ct_F77=''
ac_ct_FC=''
ac_ct_MPIFC=''
bindir='${exec_prefix}/bin'
build='x86_64-unknown-linux-gnu'
build_alias=''
build_cpu='x86_64'
build_os='linux-gnu'
build_vendor='unknown'
datadir='${datarootdir}'
datarootdir='${prefix}/share'
docdir='${datarootdir}/doc/${PACKAGE_TARNAME}'
dvidir='${docdir}'
exec_prefix='${prefix}'
extf=''
host='x86_64-unknown-linux-gnu'
host_alias=''
host_cpu='x86_64'
host_os='linux-gnu'
host_vendor='unknown'
htmldir='${docdir}'
includedir='${prefix}/include'
infodir='${datarootdir}/info'
libdir='${exec_prefix}/lib'
libexecdir='${exec_prefix}/libexec'
localedir='${datarootdir}/locale'
localstatedir='${prefix}/var'
mandir='${datarootdir}/man'
oldincludedir='/usr/include'
pdfdir='${docdir}'
prefix='/home/edmondium'
prep=''
program_transform_name='s,x,x,'
psdir='${docdir}'
sbindir='${exec_prefix}/sbin'
sharedstatedir='${prefix}/com'
sysconfdir='${prefix}/etc'
target_alias=''

## ----------- ##
## confdefs.h. ##
## ----------- ##

/* confdefs.h */
#define PACKAGE_NAME "Spex"
#define PACKAGE_TARNAME "spex"
#define PACKAGE_VERSION "1-05.09"
#define PACKAGE_STRING "Spex 1-05.09"
#define PACKAGE_BUGREPORT ""
#define PACKAGE_URL ""
#define HAVE_BLAS 1
#define HAVE_LAPACK 1
#define HAVE_LIBWANNIER 1

configure: exit 0
